<?xml version="1.0" encoding="UTF-8"?>
<testng-results ignored="0" total="5" passed="5" failed="0" skipped="0">
  <reporter-output>
  </reporter-output>
  <suite started-at="2023-03-12T22:16:27 IST" name="Suite" finished-at="2023-03-12T22:16:40 IST" duration-ms="13185">
    <groups>
    </groups>
    <test started-at="2023-03-12T22:16:27 IST" name="Test" finished-at="2023-03-12T22:16:40 IST" duration-ms="13185">
      <class name="TestCases.MyTestCases">
        <test-method is-config="true" signature="Before()[pri:0, instance:TestCases.MyTestCases@169e6180]" started-at="2023-03-12T22:16:27 IST" name="Before" finished-at="2023-03-12T22:16:31 IST" duration-ms="4628" status="PASS">
          <reporter-output>
          </reporter-output>
        </test-method> <!-- Before -->
        <test-method signature="Shopping()[pri:0, instance:TestCases.MyTestCases@169e6180]" started-at="2023-03-12T22:16:31 IST" name="Shopping" finished-at="2023-03-12T22:16:33 IST" duration-ms="2167" status="PASS">
          <reporter-output>
          </reporter-output>
        </test-method> <!-- Shopping -->
        <test-method is-config="true" signature="After()[pri:0, instance:TestCases.MyTestCases@169e6180]" started-at="2023-03-12T22:16:33 IST" name="After" finished-at="2023-03-12T22:16:34 IST" duration-ms="900" status="PASS">
          <reporter-output>
          </reporter-output>
        </test-method> <!-- After -->
      </class> <!-- TestCases.MyTestCases -->
      <class name="TestCases.LoginScenarios">
        <test-method is-config="true" signature="Before()[pri:0, instance:TestCases.LoginScenarios@1da2cb77]" started-at="2023-03-12T22:16:34 IST" name="Before" finished-at="2023-03-12T22:16:37 IST" duration-ms="2667" status="PASS">
          <reporter-output>
          </reporter-output>
        </test-method> <!-- Before -->
        <test-method signature="emptyLogin()[pri:0, instance:TestCases.LoginScenarios@1da2cb77]" started-at="2023-03-12T22:16:37 IST" name="emptyLogin" finished-at="2023-03-12T22:16:38 IST" duration-ms="561" status="PASS">
          <reporter-output>
          </reporter-output>
        </test-method> <!-- emptyLogin -->
        <test-method signature="invalidPassword()[pri:0, instance:TestCases.LoginScenarios@1da2cb77]" started-at="2023-03-12T22:16:38 IST" name="invalidPassword" finished-at="2023-03-12T22:16:38 IST" duration-ms="395" status="PASS">
          <reporter-output>
          </reporter-output>
        </test-method> <!-- invalidPassword -->
        <test-method signature="invalidUsername()[pri:0, instance:TestCases.LoginScenarios@1da2cb77]" started-at="2023-03-12T22:16:38 IST" name="invalidUsername" finished-at="2023-03-12T22:16:38 IST" duration-ms="384" status="PASS">
          <reporter-output>
          </reporter-output>
        </test-method> <!-- invalidUsername -->
        <test-method signature="validLogin()[pri:0, instance:TestCases.LoginScenarios@1da2cb77]" started-at="2023-03-12T22:16:38 IST" name="validLogin" finished-at="2023-03-12T22:16:39 IST" duration-ms="540" status="PASS">
          <reporter-output>
          </reporter-output>
        </test-method> <!-- validLogin -->
        <test-method is-config="true" signature="After()[pri:0, instance:TestCases.LoginScenarios@1da2cb77]" started-at="2023-03-12T22:16:39 IST" name="After" finished-at="2023-03-12T22:16:40 IST" duration-ms="867" status="PASS">
          <reporter-output>
          </reporter-output>
        </test-method> <!-- After -->
      </class> <!-- TestCases.LoginScenarios -->
    </test> <!-- Test -->
  </suite> <!-- Suite -->
</testng-results>
