<?xml version="1.0" encoding="UTF-8"?>
<!-- Generated by org.testng.reporters.JUnitXMLReporter -->
<testsuite ignored="0" hostname="DESKTOP-NV6AV6F" failures="0" tests="4" name="Default test" time="8.227" errors="0" timestamp="2023-03-12T22:13:40 IST">
  <testcase classname="TestCases.LoginScenarios" name="emptyLogin" time="0.645"/>
  <testcase classname="TestCases.LoginScenarios" name="invalidPassword" time="0.428"/>
  <testcase classname="TestCases.LoginScenarios" name="invalidUsername" time="0.409"/>
  <testcase classname="TestCases.LoginScenarios" name="validLogin" time="0.572"/>
</testsuite> <!-- Default test -->
