<?xml version="1.0" encoding="UTF-8"?>
<!-- Generated by org.testng.reporters.JUnitXMLReporter -->
<testsuite ignored="0" hostname="DESKTOP-NV6AV6F" failures="0" tests="5" name="Test" time="13.185" errors="0" timestamp="2023-03-12T22:16:40 IST">
  <testcase classname="TestCases.MyTestCases" name="Shopping" time="2.167"/>
  <testcase classname="TestCases.LoginScenarios" name="emptyLogin" time="0.561"/>
  <testcase classname="TestCases.LoginScenarios" name="invalidPassword" time="0.395"/>
  <testcase classname="TestCases.LoginScenarios" name="invalidUsername" time="0.384"/>
  <testcase classname="TestCases.LoginScenarios" name="validLogin" time="0.54"/>
</testsuite> <!-- Test -->
